In file included from [01m[K/usr/include/boost/smart_ptr/detail/sp_thread_sleep.hpp:22[m[K,
                 from [01m[K/usr/include/boost/smart_ptr/detail/yield_k.hpp:23[m[K,
                 from [01m[K/usr/include/boost/smart_ptr/detail/spinlock_gcc_atomic.hpp:14[m[K,
                 from [01m[K/usr/include/boost/smart_ptr/detail/spinlock.hpp:42[m[K,
                 from [01m[K/usr/include/boost/smart_ptr/detail/spinlock_pool.hpp:25[m[K,
                 from [01m[K/usr/include/boost/smart_ptr/shared_ptr.hpp:29[m[K,
                 from [01m[K/usr/include/boost/shared_ptr.hpp:17[m[K,
                 from [01m[K/opt/ros/noetic/include/ros/forwards.h:37[m[K,
                 from [01m[K/opt/ros/noetic/include/ros/common.h:37[m[K,
                 from [01m[K/opt/ros/noetic/include/ros/ros.h:43[m[K,
                 from [01m[K/home/lcy/ROS_tutorial/exe_03/src/ros_communication/src/ros_sub.cpp:1[m[K:
[01m[K/usr/include/boost/bind.hpp:36:1:[m[K [01;36m[Knote: [m[K‘[01m[K#pragma message: The practice of declaring the Bind placeholders (_1, _2, ...) in the global namespace is deprecated. Please use <boost/bind/bind.hpp> + using namespace boost::placeholders, or define BOOST_BIND_GLOBAL_PLACEHOLDERS to retain the current behavior.[m[K’
   36 | [01;36m[KBOOST_PRAGMA_MESSAGE[m[K(
      | [01;36m[K^~~~~~~~~~~~~~~~~~~~[m[K
In file included from [01m[K/usr/include/boost/smart_ptr/detail/sp_thread_sleep.hpp:22[m[K,
                 from [01m[K/usr/include/boost/smart_ptr/detail/yield_k.hpp:23[m[K,
                 from [01m[K/usr/include/boost/smart_ptr/detail/spinlock_gcc_atomic.hpp:14[m[K,
                 from [01m[K/usr/include/boost/smart_ptr/detail/spinlock.hpp:42[m[K,
                 from [01m[K/usr/include/boost/smart_ptr/detail/spinlock_pool.hpp:25[m[K,
                 from [01m[K/usr/include/boost/smart_ptr/shared_ptr.hpp:29[m[K,
                 from [01m[K/usr/include/boost/shared_ptr.hpp:17[m[K,
                 from [01m[K/opt/ros/noetic/include/ros/forwards.h:37[m[K,
                 from [01m[K/opt/ros/noetic/include/ros/common.h:37[m[K,
                 from [01m[K/opt/ros/noetic/include/ros/ros.h:43[m[K,
                 from [01m[K/home/lcy/ROS_tutorial/exe_03/src/ros_communication/src/ros_pub.cpp:1[m[K:
[01m[K/usr/include/boost/bind.hpp:36:1:[m[K [01;36m[Knote: [m[K‘[01m[K#pragma message: The practice of declaring the Bind placeholders (_1, _2, ...) in the global namespace is deprecated. Please use <boost/bind/bind.hpp> + using namespace boost::placeholders, or define BOOST_BIND_GLOBAL_PLACEHOLDERS to retain the current behavior.[m[K’
   36 | [01;36m[KBOOST_PRAGMA_MESSAGE[m[K(
      | [01;36m[K^~~~~~~~~~~~~~~~~~~~[m[K
In file included from [01m[K/opt/ros/noetic/include/ros/ros.h:40[m[K,
                 from [01m[K/home/lcy/ROS_tutorial/exe_03/src/ros_communication/src/ros_sub.cpp:1[m[K:
[01m[K/home/lcy/ROS_tutorial/exe_03/src/ros_communication/src/ros_sub.cpp:[m[K In function ‘[01m[Kvoid pMsgs(const ConstPtr&)[m[K’:
[01m[K/home/lcy/ROS_tutorial/exe_03/src/ros_communication/src/ros_sub.cpp:5:51:[m[K [01;31m[Kerror: [m[Kinvalid use of non-static member function ‘[01m[Kconst _CharT* std::__cxx11::basic_string<_CharT, _Traits, _Alloc>::c_str() const [with _CharT = char; _Traits = std::char_traits<char>; _Alloc = std::allocator<char>][m[K’
    5 |     ROS_INFO("received messeges is %s", [01;31m[Kmsg->data.c_str[m[K);
      |                                         [01;31m[K~~~~~~~~~~^~~~~[m[K
[01m[K/opt/ros/noetic/include/ros/console.h:351:165:[m[K [01;36m[Knote: [m[Kin definition of macro ‘[01m[KROSCONSOLE_PRINT_AT_LOCATION_WITH_FILTER[m[K’
  351 |     ::ros::console::print(filter, __rosconsole_define_location__loc.logger_, __rosconsole_define_location__loc.level_, __FILE__, __LINE__, __ROSCONSOLE_FUNCTION__, [01;36m[K__VA_ARGS__[m[K)
      |                                                                                                                                                                     [01;36m[K^~~~~~~~~~~[m[K
[01m[K/opt/ros/noetic/include/ros/console.h:390:7:[m[K [01;36m[Knote: [m[Kin expansion of macro ‘[01m[KROSCONSOLE_PRINT_AT_LOCATION[m[K’
  390 |       [01;36m[KROSCONSOLE_PRINT_AT_LOCATION[m[K(__VA_ARGS__); \
      |       [01;36m[K^~~~~~~~~~~~~~~~~~~~~~~~~~~~[m[K
[01m[K/opt/ros/noetic/include/ros/console.h:575:35:[m[K [01;36m[Knote: [m[Kin expansion of macro ‘[01m[KROS_LOG_COND[m[K’
  575 | #define ROS_LOG(level, name, ...) [01;36m[KROS_LOG_COND[m[K(true, level, name, __VA_ARGS__)
      |                                   [01;36m[K^~~~~~~~~~~~[m[K
[01m[K/opt/ros/noetic/include/rosconsole/macros_generated.h:110:23:[m[K [01;36m[Knote: [m[Kin expansion of macro ‘[01m[KROS_LOG[m[K’
  110 | #define ROS_INFO(...) [01;36m[KROS_LOG[m[K(::ros::console::levels::Info, ROSCONSOLE_DEFAULT_NAME, __VA_ARGS__)
      |                       [01;36m[K^~~~~~~[m[K
[01m[K/home/lcy/ROS_tutorial/exe_03/src/ros_communication/src/ros_sub.cpp:5:5:[m[K [01;36m[Knote: [m[Kin expansion of macro ‘[01m[KROS_INFO[m[K’
    5 |     [01;36m[KROS_INFO[m[K("received messeges is %s", msg->data.c_str);
      |     [01;36m[K^~~~~~~~[m[K
In file included from [01m[K/usr/include/c++/11/string:55[m[K,
                 from [01m[K/opt/ros/noetic/include/ros/platform.h:38[m[K,
                 from [01m[K/opt/ros/noetic/include/ros/time.h:53[m[K,
                 from [01m[K/opt/ros/noetic/include/ros/ros.h:38[m[K,
                 from [01m[K/home/lcy/ROS_tutorial/exe_03/src/ros_communication/src/ros_sub.cpp:1[m[K:
[01m[K/usr/include/c++/11/bits/basic_string.h:2320:7:[m[K [01;36m[Knote: [m[Kdeclared here
 2320 |       [01;36m[Kc_str[m[K() const _GLIBCXX_NOEXCEPT
      |       [01;36m[K^~~~~[m[K
make[2]: *** [CMakeFiles/ros_communication_sub.dir/build.make:76：CMakeFiles/ros_communication_sub.dir/src/ros_sub.cpp.o] 错误 1
make[1]: *** [CMakeFiles/Makefile2:701：CMakeFiles/ros_communication_sub.dir/all] 错误 2
make[1]: *** 正在等待未完成的任务....
make: *** [Makefile:146：all] 错误 2
