Linked: (/home/lcy/ROS_tutorial/exe_03/devel/.private/ros_communication/lib/pkgconfig/ros_communication.pc, /home/lcy/ROS_tutorial/exe_03/devel/lib/pkgconfig/ros_communication.pc)
Symlinking /home/lcy/ROS_tutorial/exe_03/devel/lib/python3/dist-packages/ros_communication/__init__.py
Symlinking /home/lcy/ROS_tutorial/exe_03/devel/lib/python3/dist-packages/ros_communication/msg/_Person.py
Symlinking /home/lcy/ROS_tutorial/exe_03/devel/lib/python3/dist-packages/ros_communication/msg/__init__.py
Linked: (/home/lcy/ROS_tutorial/exe_03/devel/.private/ros_communication/lib/ros_communication/ros_communication_sub, /home/lcy/ROS_tutorial/exe_03/devel/lib/ros_communication/ros_communication_sub)
Linked: (/home/lcy/ROS_tutorial/exe_03/devel/.private/ros_communication/lib/ros_communication/ros_communication_pub, /home/lcy/ROS_tutorial/exe_03/devel/lib/ros_communication/ros_communication_pub)
Symlinking /home/lcy/ROS_tutorial/exe_03/devel/include/ros_communication/Person.h
Symlinking /home/lcy/ROS_tutorial/exe_03/devel/share/roseus/ros/ros_communication/manifest.l
Symlinking /home/lcy/ROS_tutorial/exe_03/devel/share/roseus/ros/ros_communication/msg/Person.l
Symlinking /home/lcy/ROS_tutorial/exe_03/devel/share/common-lisp/ros/ros_communication/msg/_package.lisp
Symlinking /home/lcy/ROS_tutorial/exe_03/devel/share/common-lisp/ros/ros_communication/msg/_package_Person.lisp
Symlinking /home/lcy/ROS_tutorial/exe_03/devel/share/common-lisp/ros/ros_communication/msg/Person.lisp
Symlinking /home/lcy/ROS_tutorial/exe_03/devel/share/common-lisp/ros/ros_communication/msg/ros_communication-msg.asd
Symlinking /home/lcy/ROS_tutorial/exe_03/devel/share/gennodejs/ros/ros_communication/_index.js
Symlinking /home/lcy/ROS_tutorial/exe_03/devel/share/gennodejs/ros/ros_communication/msg/_index.js
Symlinking /home/lcy/ROS_tutorial/exe_03/devel/share/gennodejs/ros/ros_communication/msg/Person.js
Linked: (/home/lcy/ROS_tutorial/exe_03/devel/.private/ros_communication/share/ros_communication/cmake/ros_communicationConfig-version.cmake, /home/lcy/ROS_tutorial/exe_03/devel/share/ros_communication/cmake/ros_communicationConfig-version.cmake)
Symlinking /home/lcy/ROS_tutorial/exe_03/devel/share/ros_communication/cmake/ros_communication-msg-extras.cmake
Symlinking /home/lcy/ROS_tutorial/exe_03/devel/share/ros_communication/cmake/ros_communication-msg-paths.cmake
Linked: (/home/lcy/ROS_tutorial/exe_03/devel/.private/ros_communication/share/ros_communication/cmake/ros_communicationConfig.cmake, /home/lcy/ROS_tutorial/exe_03/devel/share/ros_communication/cmake/ros_communicationConfig.cmake)
