[  0%] Built target std_msgs_generate_messages_lisp
[  0%] Built target std_msgs_generate_messages_py
[  0%] Built target std_msgs_generate_messages_eus
[  0%] Built target std_msgs_generate_messages_cpp
[  0%] Built target std_msgs_generate_messages_nodejs
[ 13%] Built target ros_communication_sub
[ 26%] Built target ros_communication_pub
[ 26%] Built target _ros_communication_generate_messages_check_deps_Person
[ 46%] Built target ros_communication_generate_messages_cpp
[ 46%] Built target ros_communication_generate_messages_py
[ 53%] Built target ros_communication_generate_messages_nodejs
[ 66%] Built target ros_communication_generate_messages_eus
[ 73%] Built target ros_communication_generate_messages_lisp
[35m[1mConsolidate compiler generated dependencies of target ros_sub_personal_msg[0m
[35m[1mConsolidate compiler generated dependencies of target ros_pub_personal_msg[0m
[ 73%] Built target ros_communication_generate_messages
[ 80%] [32mBuilding CXX object CMakeFiles/ros_sub_personal_msg.dir/src/ros_sub_personal_msg.cpp.o[0m
[ 93%] Built target ros_pub_personal_msg
In file included from [01m[K/usr/include/boost/smart_ptr/detail/sp_thread_sleep.hpp:22[m[K,
                 from [01m[K/usr/include/boost/smart_ptr/detail/yield_k.hpp:23[m[K,
                 from [01m[K/usr/include/boost/smart_ptr/detail/spinlock_gcc_atomic.hpp:14[m[K,
                 from [01m[K/usr/include/boost/smart_ptr/detail/spinlock.hpp:42[m[K,
                 from [01m[K/usr/include/boost/smart_ptr/detail/spinlock_pool.hpp:25[m[K,
                 from [01m[K/usr/include/boost/smart_ptr/shared_ptr.hpp:29[m[K,
                 from [01m[K/usr/include/boost/shared_ptr.hpp:17[m[K,
                 from [01m[K/opt/ros/noetic/include/ros/forwards.h:37[m[K,
                 from [01m[K/opt/ros/noetic/include/ros/common.h:37[m[K,
                 from [01m[K/opt/ros/noetic/include/ros/ros.h:43[m[K,
                 from [01m[K/home/lcy/ROS_tutorial/exe_03/src/ros_communication/src/ros_sub_personal_msg.cpp:1[m[K:
[01m[K/usr/include/boost/bind.hpp:36:1:[m[K [01;36m[Knote: [m[K‘[01m[K#pragma message: The practice of declaring the Bind placeholders (_1, _2, ...) in the global namespace is deprecated. Please use <boost/bind/bind.hpp> + using namespace boost::placeholders, or define BOOST_BIND_GLOBAL_PLACEHOLDERS to retain the current behavior.[m[K’
   36 | [01;36m[KBOOST_PRAGMA_MESSAGE[m[K(
      | [01;36m[K^~~~~~~~~~~~~~~~~~~~[m[K
[01m[K/home/lcy/ROS_tutorial/exe_03/src/ros_communication/src/ros_sub_personal_msg.cpp:[m[K In function ‘[01m[Kint main(int, char**)[m[K’:
[01m[K/home/lcy/ROS_tutorial/exe_03/src/ros_communication/src/ros_sub_personal_msg.cpp:26:5:[m[K [01;31m[Kerror: [m[Kexpected ‘[01m[K,[m[K’ or ‘[01m[K;[m[K’ before ‘[01m[Kros[m[K’
   26 |     [01;31m[Kros[m[K::spin();
      |     [01;31m[K^~~[m[K
make[2]: *** [CMakeFiles/ros_sub_personal_msg.dir/build.make:76：CMakeFiles/ros_sub_personal_msg.dir/src/ros_sub_personal_msg.cpp.o] 错误 1
make[1]: *** [CMakeFiles/Makefile2:1091：CMakeFiles/ros_sub_personal_msg.dir/all] 错误 2
make: *** [Makefile:146：all] 错误 2
