Linked: (/home/lcy/ROS_tutorial/exe_03/devel/.private/ros_communication/lib/pkgconfig/ros_communication.pc, /home/lcy/ROS_tutorial/exe_03/devel/lib/pkgconfig/ros_communication.pc)
Linked: (/home/lcy/ROS_tutorial/exe_03/devel/.private/ros_communication/lib/python3/dist-packages/ros_communication/__init__.py, /home/lcy/ROS_tutorial/exe_03/devel/lib/python3/dist-packages/ros_communication/__init__.py)
Linked: (/home/lcy/ROS_tutorial/exe_03/devel/.private/ros_communication/lib/python3/dist-packages/ros_communication/msg/_Person.py, /home/lcy/ROS_tutorial/exe_03/devel/lib/python3/dist-packages/ros_communication/msg/_Person.py)
Linked: (/home/lcy/ROS_tutorial/exe_03/devel/.private/ros_communication/lib/python3/dist-packages/ros_communication/msg/__init__.py, /home/lcy/ROS_tutorial/exe_03/devel/lib/python3/dist-packages/ros_communication/msg/__init__.py)
Linked: (/home/lcy/ROS_tutorial/exe_03/devel/.private/ros_communication/lib/ros_communication/ros_communication_sub, /home/lcy/ROS_tutorial/exe_03/devel/lib/ros_communication/ros_communication_sub)
Linked: (/home/lcy/ROS_tutorial/exe_03/devel/.private/ros_communication/lib/ros_communication/ros_communication_pub, /home/lcy/ROS_tutorial/exe_03/devel/lib/ros_communication/ros_communication_pub)
Linked: (/home/lcy/ROS_tutorial/exe_03/devel/.private/ros_communication/include/ros_communication/Person.h, /home/lcy/ROS_tutorial/exe_03/devel/include/ros_communication/Person.h)
Linked: (/home/lcy/ROS_tutorial/exe_03/devel/.private/ros_communication/share/roseus/ros/ros_communication/manifest.l, /home/lcy/ROS_tutorial/exe_03/devel/share/roseus/ros/ros_communication/manifest.l)
Linked: (/home/lcy/ROS_tutorial/exe_03/devel/.private/ros_communication/share/roseus/ros/ros_communication/msg/Person.l, /home/lcy/ROS_tutorial/exe_03/devel/share/roseus/ros/ros_communication/msg/Person.l)
Linked: (/home/lcy/ROS_tutorial/exe_03/devel/.private/ros_communication/share/common-lisp/ros/ros_communication/msg/_package.lisp, /home/lcy/ROS_tutorial/exe_03/devel/share/common-lisp/ros/ros_communication/msg/_package.lisp)
Linked: (/home/lcy/ROS_tutorial/exe_03/devel/.private/ros_communication/share/common-lisp/ros/ros_communication/msg/_package_Person.lisp, /home/lcy/ROS_tutorial/exe_03/devel/share/common-lisp/ros/ros_communication/msg/_package_Person.lisp)
Linked: (/home/lcy/ROS_tutorial/exe_03/devel/.private/ros_communication/share/common-lisp/ros/ros_communication/msg/Person.lisp, /home/lcy/ROS_tutorial/exe_03/devel/share/common-lisp/ros/ros_communication/msg/Person.lisp)
Linked: (/home/lcy/ROS_tutorial/exe_03/devel/.private/ros_communication/share/common-lisp/ros/ros_communication/msg/ros_communication-msg.asd, /home/lcy/ROS_tutorial/exe_03/devel/share/common-lisp/ros/ros_communication/msg/ros_communication-msg.asd)
Linked: (/home/lcy/ROS_tutorial/exe_03/devel/.private/ros_communication/share/gennodejs/ros/ros_communication/_index.js, /home/lcy/ROS_tutorial/exe_03/devel/share/gennodejs/ros/ros_communication/_index.js)
Linked: (/home/lcy/ROS_tutorial/exe_03/devel/.private/ros_communication/share/gennodejs/ros/ros_communication/msg/_index.js, /home/lcy/ROS_tutorial/exe_03/devel/share/gennodejs/ros/ros_communication/msg/_index.js)
Linked: (/home/lcy/ROS_tutorial/exe_03/devel/.private/ros_communication/share/gennodejs/ros/ros_communication/msg/Person.js, /home/lcy/ROS_tutorial/exe_03/devel/share/gennodejs/ros/ros_communication/msg/Person.js)
Linked: (/home/lcy/ROS_tutorial/exe_03/devel/.private/ros_communication/share/ros_communication/cmake/ros_communicationConfig-version.cmake, /home/lcy/ROS_tutorial/exe_03/devel/share/ros_communication/cmake/ros_communicationConfig-version.cmake)
Linked: (/home/lcy/ROS_tutorial/exe_03/devel/.private/ros_communication/share/ros_communication/cmake/ros_communication-msg-extras.cmake, /home/lcy/ROS_tutorial/exe_03/devel/share/ros_communication/cmake/ros_communication-msg-extras.cmake)
Linked: (/home/lcy/ROS_tutorial/exe_03/devel/.private/ros_communication/share/ros_communication/cmake/ros_communication-msg-paths.cmake, /home/lcy/ROS_tutorial/exe_03/devel/share/ros_communication/cmake/ros_communication-msg-paths.cmake)
Linked: (/home/lcy/ROS_tutorial/exe_03/devel/.private/ros_communication/share/ros_communication/cmake/ros_communicationConfig.cmake, /home/lcy/ROS_tutorial/exe_03/devel/share/ros_communication/cmake/ros_communicationConfig.cmake)
