[35m[1mConsolidate compiler generated dependencies of target ros_communication_sub[0m
[35m[1mConsolidate compiler generated dependencies of target ros_communication_pub[0m
[  0%] Built target std_msgs_generate_messages_py
[  0%] Built target std_msgs_generate_messages_cpp
[  0%] Built target std_msgs_generate_messages_eus
[  0%] Built target std_msgs_generate_messages_nodejs
[  0%] Built target std_msgs_generate_messages_lisp
[ 18%] Built target ros_communication_pub
[ 27%] [32mBuilding CXX object CMakeFiles/ros_communication_sub.dir/src/ros_sub.cpp.o[0m
[ 27%] Built target _ros_communication_generate_messages_check_deps_Person
[ 36%] Built target ros_communication_generate_messages_lisp
[ 45%] Built target ros_communication_generate_messages_nodejs
[ 72%] Built target ros_communication_generate_messages_cpp
[ 72%] Built target ros_communication_generate_messages_eus
[ 90%] Built target ros_communication_generate_messages_py
[ 90%] Built target ros_communication_generate_messages
In file included from [01m[K/usr/include/boost/smart_ptr/detail/sp_thread_sleep.hpp:22[m[K,
                 from [01m[K/usr/include/boost/smart_ptr/detail/yield_k.hpp:23[m[K,
                 from [01m[K/usr/include/boost/smart_ptr/detail/spinlock_gcc_atomic.hpp:14[m[K,
                 from [01m[K/usr/include/boost/smart_ptr/detail/spinlock.hpp:42[m[K,
                 from [01m[K/usr/include/boost/smart_ptr/detail/spinlock_pool.hpp:25[m[K,
                 from [01m[K/usr/include/boost/smart_ptr/shared_ptr.hpp:29[m[K,
                 from [01m[K/usr/include/boost/shared_ptr.hpp:17[m[K,
                 from [01m[K/opt/ros/noetic/include/ros/forwards.h:37[m[K,
                 from [01m[K/opt/ros/noetic/include/ros/common.h:37[m[K,
                 from [01m[K/opt/ros/noetic/include/ros/ros.h:43[m[K,
                 from [01m[K/home/lcy/ROS_tutorial/exe_03/src/ros_communication/src/ros_sub.cpp:1[m[K:
[01m[K/usr/include/boost/bind.hpp:36:1:[m[K [01;36m[Knote: [m[K‘[01m[K#pragma message: The practice of declaring the Bind placeholders (_1, _2, ...) in the global namespace is deprecated. Please use <boost/bind/bind.hpp> + using namespace boost::placeholders, or define BOOST_BIND_GLOBAL_PLACEHOLDERS to retain the current behavior.[m[K’
   36 | [01;36m[KBOOST_PRAGMA_MESSAGE[m[K(
      | [01;36m[K^~~~~~~~~~~~~~~~~~~~[m[K
[100%] [32m[1mLinking CXX executable /home/lcy/ROS_tutorial/exe_03/devel/.private/ros_communication/lib/ros_communication/ros_communication_sub[0m
[100%] Built target ros_communication_sub
