Symlinking /home/lcy/ROS_tutorial/exe_03/devel/lib/pkgconfig/ros_server_client.pc
Symlinking /home/lcy/ROS_tutorial/exe_03/devel/lib/python3/dist-packages/ros_server_client/__init__.py
Symlinking /home/lcy/ROS_tutorial/exe_03/devel/lib/python3/dist-packages/ros_server_client/srv/_Addints.py
Symlinking /home/lcy/ROS_tutorial/exe_03/devel/lib/python3/dist-packages/ros_server_client/srv/__init__.py
Symlinking /home/lcy/ROS_tutorial/exe_03/devel/include/ros_server_client/AddintsResponse.h
Symlinking /home/lcy/ROS_tutorial/exe_03/devel/include/ros_server_client/AddintsRequest.h
Symlinking /home/lcy/ROS_tutorial/exe_03/devel/include/ros_server_client/Addints.h
Symlinking /home/lcy/ROS_tutorial/exe_03/devel/share/roseus/ros/ros_server_client/manifest.l
Symlinking /home/lcy/ROS_tutorial/exe_03/devel/share/roseus/ros/ros_server_client/srv/Addints.l
Symlinking /home/lcy/ROS_tutorial/exe_03/devel/share/common-lisp/ros/ros_server_client/srv/_package_Addints.lisp
Symlinking /home/lcy/ROS_tutorial/exe_03/devel/share/common-lisp/ros/ros_server_client/srv/_package.lisp
Symlinking /home/lcy/ROS_tutorial/exe_03/devel/share/common-lisp/ros/ros_server_client/srv/ros_server_client-srv.asd
Symlinking /home/lcy/ROS_tutorial/exe_03/devel/share/common-lisp/ros/ros_server_client/srv/Addints.lisp
Symlinking /home/lcy/ROS_tutorial/exe_03/devel/share/gennodejs/ros/ros_server_client/_index.js
Symlinking /home/lcy/ROS_tutorial/exe_03/devel/share/gennodejs/ros/ros_server_client/srv/Addints.js
Symlinking /home/lcy/ROS_tutorial/exe_03/devel/share/gennodejs/ros/ros_server_client/srv/_index.js
Symlinking /home/lcy/ROS_tutorial/exe_03/devel/share/ros_server_client/cmake/ros_server_clientConfig.cmake
Symlinking /home/lcy/ROS_tutorial/exe_03/devel/share/ros_server_client/cmake/ros_server_client-msg-extras.cmake
Symlinking /home/lcy/ROS_tutorial/exe_03/devel/share/ros_server_client/cmake/ros_server_clientConfig-version.cmake
Symlinking /home/lcy/ROS_tutorial/exe_03/devel/share/ros_server_client/cmake/ros_server_client-msg-paths.cmake
