[  0%] Built target std_msgs_generate_messages_py
[  0%] Built target std_msgs_generate_messages_cpp
[  0%] Built target std_msgs_generate_messages_lisp
[  0%] Built target std_msgs_generate_messages_nodejs
[  0%] Built target std_msgs_generate_messages_eus
[  0%] Built target _ros_server_client_generate_messages_check_deps_Addints
[ 18%] Built target ros_server_client_generate_messages_eus
[ 45%] Built target ros_server_client_generate_messages_py
[ 45%] Built target ros_server_client_generate_messages_nodejs
[ 54%] Built target ros_server_client_generate_messages_lisp
[ 63%] Built target ros_server_client_generate_messages_cpp
[ 63%] Built target ros_server_client_gencpp
[ 63%] Built target ros_server_client_generate_messages
[35m[1mConsolidate compiler generated dependencies of target ros_client[0m
[ 72%] [32mBuilding CXX object CMakeFiles/ros_client.dir/src/ros_client.cpp.o[0m
[ 90%] Built target ros_server
In file included from [01m[K/usr/include/boost/smart_ptr/detail/sp_thread_sleep.hpp:22[m[K,
                 from [01m[K/usr/include/boost/smart_ptr/detail/yield_k.hpp:23[m[K,
                 from [01m[K/usr/include/boost/smart_ptr/detail/spinlock_gcc_atomic.hpp:14[m[K,
                 from [01m[K/usr/include/boost/smart_ptr/detail/spinlock.hpp:42[m[K,
                 from [01m[K/usr/include/boost/smart_ptr/detail/spinlock_pool.hpp:25[m[K,
                 from [01m[K/usr/include/boost/smart_ptr/shared_ptr.hpp:29[m[K,
                 from [01m[K/usr/include/boost/shared_ptr.hpp:17[m[K,
                 from [01m[K/opt/ros/noetic/include/ros/forwards.h:37[m[K,
                 from [01m[K/opt/ros/noetic/include/ros/common.h:37[m[K,
                 from [01m[K/opt/ros/noetic/include/ros/ros.h:43[m[K,
                 from [01m[K/home/lcy/ROS_tutorial/exe_03/src/ros_server_client/src/ros_client.cpp:1[m[K:
[01m[K/usr/include/boost/bind.hpp:36:1:[m[K [01;36m[Knote: [m[K‘[01m[K#pragma message: The practice of declaring the Bind placeholders (_1, _2, ...) in the global namespace is deprecated. Please use <boost/bind/bind.hpp> + using namespace boost::placeholders, or define BOOST_BIND_GLOBAL_PLACEHOLDERS to retain the current behavior.[m[K’
   36 | [01;36m[KBOOST_PRAGMA_MESSAGE[m[K(
      | [01;36m[K^~~~~~~~~~~~~~~~~~~~[m[K
[100%] [32m[1mLinking CXX executable /home/lcy/ROS_tutorial/exe_03/devel/.private/ros_server_client/lib/ros_server_client/ros_client[0m
[100%] Built target ros_client
