Linked: (/home/lcy/ROS_tutorial/exe_03/devel/.private/ros_server_client/lib/pkgconfig/ros_server_client.pc, /home/lcy/ROS_tutorial/exe_03/devel/lib/pkgconfig/ros_server_client.pc)
Linked: (/home/lcy/ROS_tutorial/exe_03/devel/.private/ros_server_client/lib/python3/dist-packages/ros_server_client/__init__.py, /home/lcy/ROS_tutorial/exe_03/devel/lib/python3/dist-packages/ros_server_client/__init__.py)
Linked: (/home/lcy/ROS_tutorial/exe_03/devel/.private/ros_server_client/lib/python3/dist-packages/ros_server_client/srv/_Addints.py, /home/lcy/ROS_tutorial/exe_03/devel/lib/python3/dist-packages/ros_server_client/srv/_Addints.py)
Linked: (/home/lcy/ROS_tutorial/exe_03/devel/.private/ros_server_client/lib/python3/dist-packages/ros_server_client/srv/__init__.py, /home/lcy/ROS_tutorial/exe_03/devel/lib/python3/dist-packages/ros_server_client/srv/__init__.py)
Linked: (/home/lcy/ROS_tutorial/exe_03/devel/.private/ros_server_client/lib/ros_server_client/ros_server, /home/lcy/ROS_tutorial/exe_03/devel/lib/ros_server_client/ros_server)
Symlinking /home/lcy/ROS_tutorial/exe_03/devel/lib/ros_server_client/ros_client
Linked: (/home/lcy/ROS_tutorial/exe_03/devel/.private/ros_server_client/include/ros_server_client/AddintsResponse.h, /home/lcy/ROS_tutorial/exe_03/devel/include/ros_server_client/AddintsResponse.h)
Linked: (/home/lcy/ROS_tutorial/exe_03/devel/.private/ros_server_client/include/ros_server_client/AddintsRequest.h, /home/lcy/ROS_tutorial/exe_03/devel/include/ros_server_client/AddintsRequest.h)
Linked: (/home/lcy/ROS_tutorial/exe_03/devel/.private/ros_server_client/include/ros_server_client/Addints.h, /home/lcy/ROS_tutorial/exe_03/devel/include/ros_server_client/Addints.h)
Linked: (/home/lcy/ROS_tutorial/exe_03/devel/.private/ros_server_client/share/roseus/ros/ros_server_client/manifest.l, /home/lcy/ROS_tutorial/exe_03/devel/share/roseus/ros/ros_server_client/manifest.l)
Linked: (/home/lcy/ROS_tutorial/exe_03/devel/.private/ros_server_client/share/roseus/ros/ros_server_client/srv/Addints.l, /home/lcy/ROS_tutorial/exe_03/devel/share/roseus/ros/ros_server_client/srv/Addints.l)
Linked: (/home/lcy/ROS_tutorial/exe_03/devel/.private/ros_server_client/share/common-lisp/ros/ros_server_client/srv/_package_Addints.lisp, /home/lcy/ROS_tutorial/exe_03/devel/share/common-lisp/ros/ros_server_client/srv/_package_Addints.lisp)
Linked: (/home/lcy/ROS_tutorial/exe_03/devel/.private/ros_server_client/share/common-lisp/ros/ros_server_client/srv/_package.lisp, /home/lcy/ROS_tutorial/exe_03/devel/share/common-lisp/ros/ros_server_client/srv/_package.lisp)
Linked: (/home/lcy/ROS_tutorial/exe_03/devel/.private/ros_server_client/share/common-lisp/ros/ros_server_client/srv/ros_server_client-srv.asd, /home/lcy/ROS_tutorial/exe_03/devel/share/common-lisp/ros/ros_server_client/srv/ros_server_client-srv.asd)
Linked: (/home/lcy/ROS_tutorial/exe_03/devel/.private/ros_server_client/share/common-lisp/ros/ros_server_client/srv/Addints.lisp, /home/lcy/ROS_tutorial/exe_03/devel/share/common-lisp/ros/ros_server_client/srv/Addints.lisp)
Linked: (/home/lcy/ROS_tutorial/exe_03/devel/.private/ros_server_client/share/gennodejs/ros/ros_server_client/_index.js, /home/lcy/ROS_tutorial/exe_03/devel/share/gennodejs/ros/ros_server_client/_index.js)
Linked: (/home/lcy/ROS_tutorial/exe_03/devel/.private/ros_server_client/share/gennodejs/ros/ros_server_client/srv/Addints.js, /home/lcy/ROS_tutorial/exe_03/devel/share/gennodejs/ros/ros_server_client/srv/Addints.js)
Linked: (/home/lcy/ROS_tutorial/exe_03/devel/.private/ros_server_client/share/gennodejs/ros/ros_server_client/srv/_index.js, /home/lcy/ROS_tutorial/exe_03/devel/share/gennodejs/ros/ros_server_client/srv/_index.js)
Linked: (/home/lcy/ROS_tutorial/exe_03/devel/.private/ros_server_client/share/ros_server_client/cmake/ros_server_clientConfig.cmake, /home/lcy/ROS_tutorial/exe_03/devel/share/ros_server_client/cmake/ros_server_clientConfig.cmake)
Linked: (/home/lcy/ROS_tutorial/exe_03/devel/.private/ros_server_client/share/ros_server_client/cmake/ros_server_client-msg-extras.cmake, /home/lcy/ROS_tutorial/exe_03/devel/share/ros_server_client/cmake/ros_server_client-msg-extras.cmake)
Linked: (/home/lcy/ROS_tutorial/exe_03/devel/.private/ros_server_client/share/ros_server_client/cmake/ros_server_clientConfig-version.cmake, /home/lcy/ROS_tutorial/exe_03/devel/share/ros_server_client/cmake/ros_server_clientConfig-version.cmake)
Linked: (/home/lcy/ROS_tutorial/exe_03/devel/.private/ros_server_client/share/ros_server_client/cmake/ros_server_client-msg-paths.cmake, /home/lcy/ROS_tutorial/exe_03/devel/share/ros_server_client/cmake/ros_server_client-msg-paths.cmake)
