In file included from [01m[K/usr/include/boost/smart_ptr/detail/sp_thread_sleep.hpp:22[m[K,
                 from [01m[K/usr/include/boost/smart_ptr/detail/yield_k.hpp:23[m[K,
                 from [01m[K/usr/include/boost/smart_ptr/detail/spinlock_gcc_atomic.hpp:14[m[K,
                 from [01m[K/usr/include/boost/smart_ptr/detail/spinlock.hpp:42[m[K,
                 from [01m[K/usr/include/boost/smart_ptr/detail/spinlock_pool.hpp:25[m[K,
                 from [01m[K/usr/include/boost/smart_ptr/shared_ptr.hpp:29[m[K,
                 from [01m[K/usr/include/boost/shared_ptr.hpp:17[m[K,
                 from [01m[K/opt/ros/noetic/include/ros/forwards.h:37[m[K,
                 from [01m[K/opt/ros/noetic/include/ros/common.h:37[m[K,
                 from [01m[K/opt/ros/noetic/include/ros/ros.h:43[m[K,
                 from [01m[K/home/lcy/ROS_tutorial/exe_03/src/turtle_control/src/02_sub_pose.cpp:1[m[K:
[01m[K/usr/include/boost/bind.hpp:36:1:[m[K [01;36m[Knote: [m[K‘[01m[K#pragma message: The practice of declaring the Bind placeholders (_1, _2, ...) in the global namespace is deprecated. Please use <boost/bind/bind.hpp> + using namespace boost::placeholders, or define BOOST_BIND_GLOBAL_PLACEHOLDERS to retain the current behavior.[m[K’
   36 | [01;36m[KBOOST_PRAGMA_MESSAGE[m[K(
      | [01;36m[K^~~~~~~~~~~~~~~~~~~~[m[K
In file included from [01m[K/opt/ros/noetic/include/ros/serialization.h:37[m[K,
                 from [01m[K/opt/ros/noetic/include/ros/publisher.h:34[m[K,
                 from [01m[K/opt/ros/noetic/include/ros/node_handle.h:32[m[K,
                 from [01m[K/opt/ros/noetic/include/ros/ros.h:45[m[K,
                 from [01m[K/home/lcy/ROS_tutorial/exe_03/src/turtle_control/src/02_sub_pose.cpp:1[m[K:
/opt/ros/noetic/include/ros/message_traits.h: In instantiation of ‘[01m[Kstatic const char* ros::message_traits::MD5Sum<M>::value() [with M = boost::shared_ptr<const turtlesim::Pose_<std::allocator<void> > >][m[K’:
[01m[K/opt/ros/noetic/include/ros/message_traits.h:227:102:[m[K   required from ‘[01m[Kconst char* ros::message_traits::md5sum() [with M = boost::shared_ptr<const turtlesim::Pose_<std::allocator<void> > >][m[K’
[01m[K/opt/ros/noetic/include/ros/subscribe_options.h:89:49:[m[K   required from ‘[01m[Kvoid ros::SubscribeOptions::initByFullCallbackType(const string&, uint32_t, const boost::function<void(P)>&, const boost::function<boost::shared_ptr<typename ros::ParameterAdapter<P>::Message>()>&) [with P = boost::shared_ptr<const turtlesim::Pose_<std::allocator<void> > >&; std::string = std::__cxx11::basic_string<char>; uint32_t = unsigned int; typename ros::ParameterAdapter<P>::Message = boost::shared_ptr<const turtlesim::Pose_<std::allocator<void> > >][m[K’
[01m[K/opt/ros/noetic/include/ros/node_handle.h:659:43:[m[K   required from ‘[01m[Kros::Subscriber ros::NodeHandle::subscribe(const string&, uint32_t, void (*)(M), const ros::TransportHints&) [with M = boost::shared_ptr<const turtlesim::Pose_<std::allocator<void> > >&; std::string = std::__cxx11::basic_string<char>; uint32_t = unsigned int][m[K’
[01m[K/home/lcy/ROS_tutorial/exe_03/src/turtle_control/src/02_sub_pose.cpp:15:46:[m[K   required from here
[01m[K/opt/ros/noetic/include/ros/message_traits.h:120:28:[m[K [01;31m[Kerror: [m[K‘[01m[K__s_getMD5Sum[m[K’ is not a member of ‘[01m[Kboost::shared_ptr<const turtlesim::Pose_<std::allocator<void> > >[m[K’
  120 |     return [01;31m[KM::__s_getMD5Sum()[m[K.c_str();
      |            [01;31m[K~~~~~~~~~~~~~~~~^~[m[K
/opt/ros/noetic/include/ros/message_traits.h: In instantiation of ‘[01m[Kstatic const char* ros::message_traits::DataType<M>::value() [with M = boost::shared_ptr<const turtlesim::Pose_<std::allocator<void> > >][m[K’:
[01m[K/opt/ros/noetic/include/ros/message_traits.h:236:104:[m[K   required from ‘[01m[Kconst char* ros::message_traits::datatype() [with M = boost::shared_ptr<const turtlesim::Pose_<std::allocator<void> > >][m[K’
[01m[K/opt/ros/noetic/include/ros/subscribe_options.h:90:53:[m[K   required from ‘[01m[Kvoid ros::SubscribeOptions::initByFullCallbackType(const string&, uint32_t, const boost::function<void(P)>&, const boost::function<boost::shared_ptr<typename ros::ParameterAdapter<P>::Message>()>&) [with P = boost::shared_ptr<const turtlesim::Pose_<std::allocator<void> > >&; std::string = std::__cxx11::basic_string<char>; uint32_t = unsigned int; typename ros::ParameterAdapter<P>::Message = boost::shared_ptr<const turtlesim::Pose_<std::allocator<void> > >][m[K’
[01m[K/opt/ros/noetic/include/ros/node_handle.h:659:43:[m[K   required from ‘[01m[Kros::Subscriber ros::NodeHandle::subscribe(const string&, uint32_t, void (*)(M), const ros::TransportHints&) [with M = boost::shared_ptr<const turtlesim::Pose_<std::allocator<void> > >&; std::string = std::__cxx11::basic_string<char>; uint32_t = unsigned int][m[K’
[01m[K/home/lcy/ROS_tutorial/exe_03/src/turtle_control/src/02_sub_pose.cpp:15:46:[m[K   required from here
[01m[K/opt/ros/noetic/include/ros/message_traits.h:137:30:[m[K [01;31m[Kerror: [m[K‘[01m[K__s_getDataType[m[K’ is not a member of ‘[01m[Kboost::shared_ptr<const turtlesim::Pose_<std::allocator<void> > >[m[K’
  137 |     return [01;31m[KM::__s_getDataType()[m[K.c_str();
      |            [01;31m[K~~~~~~~~~~~~~~~~~~^~[m[K
In file included from [01m[K/opt/ros/noetic/include/ros/subscription_callback_helper.h:35[m[K,
                 from [01m[K/opt/ros/noetic/include/ros/subscriber.h:33[m[K,
                 from [01m[K/opt/ros/noetic/include/ros/node_handle.h:33[m[K,
                 from [01m[K/opt/ros/noetic/include/ros/ros.h:45[m[K,
                 from [01m[K/home/lcy/ROS_tutorial/exe_03/src/turtle_control/src/02_sub_pose.cpp:1[m[K:
/opt/ros/noetic/include/ros/parameter_adapter.h: In instantiation of ‘[01m[Kstatic ros::ParameterAdapter<M>::Parameter ros::ParameterAdapter<M>::getParameter(const Event&) [with M = boost::shared_ptr<const turtlesim::Pose_<std::allocator<void> > >&; ros::ParameterAdapter<M>::Parameter = boost::shared_ptr<const turtlesim::Pose_<std::allocator<void> > >&; ros::ParameterAdapter<M>::Event = ros::MessageEvent<const boost::shared_ptr<const turtlesim::Pose_<std::allocator<void> > > >][m[K’:
[01m[K/opt/ros/noetic/include/ros/subscription_callback_helper.h:144:48:[m[K   required from ‘[01m[Kvoid ros::SubscriptionCallbackHelperT<P, Enabled>::call(ros::SubscriptionCallbackHelperCallParams&) [with P = boost::shared_ptr<const turtlesim::Pose_<std::allocator<void> > >&; Enabled = void][m[K’
[01m[K/opt/ros/noetic/include/ros/subscription_callback_helper.h:141:16:[m[K   required from here
[01m[K/opt/ros/noetic/include/ros/parameter_adapter.h:78:30:[m[K [01;31m[Kerror: [m[Kbinding reference of type ‘[01m[Kros::ParameterAdapter<boost::shared_ptr<const turtlesim::Pose_<std::allocator<void> > >&>::Parameter[m[K’ {aka ‘[01m[Kboost::shared_ptr<const turtlesim::Pose_<std::allocator<void> > >&[m[K’} to ‘[01m[Kconst boost::shared_ptr<const turtlesim::Pose_<std::allocator<void> > >[m[K’ discards qualifiers
   78 |     return *event.getMessage([01;31m[K)[m[K;
      |                              [01;31m[K^[m[K
In file included from [01m[K/opt/ros/noetic/include/ros/publisher.h:34[m[K,
                 from [01m[K/opt/ros/noetic/include/ros/node_handle.h:32[m[K,
                 from [01m[K/opt/ros/noetic/include/ros/ros.h:45[m[K,
                 from [01m[K/home/lcy/ROS_tutorial/exe_03/src/turtle_control/src/02_sub_pose.cpp:1[m[K:
/opt/ros/noetic/include/ros/serialization.h: In instantiation of ‘[01m[Kstatic void ros::serialization::Serializer<T>::read(Stream&, typename boost::call_traits<T>::reference) [with Stream = ros::serialization::IStream; T = boost::shared_ptr<const turtlesim::Pose_<std::allocator<void> > >; typename boost::call_traits<T>::reference = boost::shared_ptr<const turtlesim::Pose_<std::allocator<void> > >&][m[K’:
[01m[K/opt/ros/noetic/include/ros/serialization.h:164:22:[m[K   required from ‘[01m[Kvoid ros::serialization::deserialize(Stream&, T&) [with T = boost::shared_ptr<const turtlesim::Pose_<std::allocator<void> > >; Stream = ros::serialization::IStream][m[K’
[01m[K/opt/ros/noetic/include/ros/subscription_callback_helper.h:136:21:[m[K   required from ‘[01m[Kros::VoidConstPtr ros::SubscriptionCallbackHelperT<P, Enabled>::deserialize(const ros::SubscriptionCallbackHelperDeserializeParams&) [with P = boost::shared_ptr<const turtlesim::Pose_<std::allocator<void> > >&; Enabled = void; ros::VoidConstPtr = boost::shared_ptr<const void>][m[K’
[01m[K/opt/ros/noetic/include/ros/subscription_callback_helper.h:118:24:[m[K   required from here
[01m[K/opt/ros/noetic/include/ros/serialization.h:137:7:[m[K [01;31m[Kerror: [m[K‘[01m[Kclass boost::shared_ptr<const turtlesim::Pose_<std::allocator<void> > >[m[K’ has no member named ‘[01m[Kdeserialize[m[K’
  137 |     [01;31m[Kt.deserialize[m[K(stream.getData());
      |     [01;31m[K~~^~~~~~~~~~~[m[K
make[2]: *** [CMakeFiles/02_sub_pose.dir/build.make:76：CMakeFiles/02_sub_pose.dir/src/02_sub_pose.cpp.o] 错误 1
make[1]: *** [CMakeFiles/Makefile2:1164：CMakeFiles/02_sub_pose.dir/all] 错误 2
make: *** [Makefile:146：all] 错误 2
