Not searching for unused variables given on the command line.
[36m--[0m The C compiler identification is GNU 11.4.0
[36m--[0m The CXX compiler identification is GNU 11.4.0
[36m--[0m Detecting C compiler ABI info
[36m--[0m Detecting C compiler ABI info - done
[36m--[0m Check for working C compiler: /usr/bin/cc - skipped
[36m--[0m Detecting C compile features
[36m--[0m Detecting C compile features - done
[36m--[0m Detecting CXX compiler ABI info
[36m--[0m Detecting CXX compiler ABI info - done
[36m--[0m Check for working CXX compiler: /usr/bin/c++ - skipped
[36m--[0m Detecting CXX compile features
[36m--[0m Detecting CXX compile features - done
[36m--[0m Using CATKIN_DEVEL_PREFIX: /home/lcy/ROS_tutorial/exe_03/devel/.private/turtle_control
[36m--[0m Using CMAKE_PREFIX_PATH: /home/lcy/ROS_tutorial/exe_03/devel;/opt/ros/noetic
[36m--[0m This workspace overlays: /home/lcy/ROS_tutorial/exe_03/devel;/opt/ros/noetic
[36m--[0m Found PythonInterp: /usr/bin/python3 (found suitable version "3.10.12", minimum required is "3")
[36m--[0m Using PYTHON_EXECUTABLE: /usr/bin/python3
[36m--[0m Using Debian Python package layout
[36m--[0m Using empy: /usr/bin/empy
[36m--[0m Using CATKIN_ENABLE_TESTING: ON
[36m--[0m Call enable_testing()
[36m--[0m Using CATKIN_TEST_RESULTS_DIR: /home/lcy/ROS_tutorial/exe_03/build/turtle_control/test_results
[36m--[0m Forcing gtest/gmock from source, though one was otherwise available.
[36m--[0m Found gtest sources under '/usr/src/googletest': gtests will be built
[36m--[0m Found gmock sources under '/usr/src/googletest': gmock will be built
[36m--[0m Found Python: /usr/bin/python3.10 (found version "3.10.12") found components: Interpreter
[36m--[0m Found Threads: TRUE
[36m--[0m Using Python nosetests: /usr/bin/nosetests3
[36m--[0m catkin 0.8.10
[36m--[0m BUILD_SHARED_LIBS is on
[31mCMake Error at CMakeLists.txt:147 (add_dependencies):
  Cannot add target-level dependencies to non-existent target
  "$01_pub_twist".

  The add_dependencies works for top-level logical targets created by the
  add_executable, add_library, or add_custom_target commands.  If you want to
  add file-level dependencies see the DEPENDS option of the add_custom_target
  and add_custom_command commands.

[0m
[36m--[0m Configuring incomplete, errors occurred!
See also "/home/lcy/ROS_tutorial/exe_03/build/turtle_control/CMakeFiles/CMakeOutput.log".
