In file included from [01m[K/opt/ros/noetic/include/ros/ros.h:40[m[K,
                 from [01m[K/home/lcy/ros_tutorial/exe_04/src/ros_apis/src/03_apis_time.cpp:1[m[K:
[01m[K/home/lcy/ros_tutorial/exe_04/src/ros_apis/src/03_apis_time.cpp:[m[K In function ‘[01m[Kint main(int, char**)[m[K’:
[01m[K/home/lcy/ros_tutorial/exe_04/src/ros_apis/src/03_apis_time.cpp:32:14:[m[K [01;35m[Kwarning: [m[Ktoo many arguments for format [[01;35m[K-Wformat-extra-args[m[K]
   32 |     ROS_INFO([01;35m[K"pause start"[m[K,start.toSec());
      |              [01;35m[K^~~~~~~~~~~~~[m[K
[01m[K/opt/ros/noetic/include/ros/console.h:351:165:[m[K [01;36m[Knote: [m[Kin definition of macro ‘[01m[KROSCONSOLE_PRINT_AT_LOCATION_WITH_FILTER[m[K’
  351 |     ::ros::console::print(filter, __rosconsole_define_location__loc.logger_, __rosconsole_define_location__loc.level_, __FILE__, __LINE__, __ROSCONSOLE_FUNCTION__, [01;36m[K__VA_ARGS__[m[K)
      |                                                                                                                                                                     [01;36m[K^~~~~~~~~~~[m[K
[01m[K/opt/ros/noetic/include/ros/console.h:390:7:[m[K [01;36m[Knote: [m[Kin expansion of macro ‘[01m[KROSCONSOLE_PRINT_AT_LOCATION[m[K’
  390 |       [01;36m[KROSCONSOLE_PRINT_AT_LOCATION[m[K(__VA_ARGS__); \
      |       [01;36m[K^~~~~~~~~~~~~~~~~~~~~~~~~~~~[m[K
[01m[K/opt/ros/noetic/include/ros/console.h:575:35:[m[K [01;36m[Knote: [m[Kin expansion of macro ‘[01m[KROS_LOG_COND[m[K’
  575 | #define ROS_LOG(level, name, ...) [01;36m[KROS_LOG_COND[m[K(true, level, name, __VA_ARGS__)
      |                                   [01;36m[K^~~~~~~~~~~~[m[K
[01m[K/opt/ros/noetic/include/rosconsole/macros_generated.h:110:23:[m[K [01;36m[Knote: [m[Kin expansion of macro ‘[01m[KROS_LOG[m[K’
  110 | #define ROS_INFO(...) [01;36m[KROS_LOG[m[K(::ros::console::levels::Info, ROSCONSOLE_DEFAULT_NAME, __VA_ARGS__)
      |                       [01;36m[K^~~~~~~[m[K
[01m[K/home/lcy/ros_tutorial/exe_04/src/ros_apis/src/03_apis_time.cpp:32:5:[m[K [01;36m[Knote: [m[Kin expansion of macro ‘[01m[KROS_INFO[m[K’
   32 |     [01;36m[KROS_INFO[m[K("pause start",start.toSec());
      |     [01;36m[K^~~~~~~~[m[K
[01m[K/home/lcy/ros_tutorial/exe_04/src/ros_apis/src/03_apis_time.cpp:36:14:[m[K [01;35m[Kwarning: [m[Ktoo many arguments for format [[01;35m[K-Wformat-extra-args[m[K]
   36 |     ROS_INFO([01;35m[K"pause end"[m[K,end.toSec());
      |              [01;35m[K^~~~~~~~~~~[m[K
[01m[K/opt/ros/noetic/include/ros/console.h:351:165:[m[K [01;36m[Knote: [m[Kin definition of macro ‘[01m[KROSCONSOLE_PRINT_AT_LOCATION_WITH_FILTER[m[K’
  351 |     ::ros::console::print(filter, __rosconsole_define_location__loc.logger_, __rosconsole_define_location__loc.level_, __FILE__, __LINE__, __ROSCONSOLE_FUNCTION__, [01;36m[K__VA_ARGS__[m[K)
      |                                                                                                                                                                     [01;36m[K^~~~~~~~~~~[m[K
[01m[K/opt/ros/noetic/include/ros/console.h:390:7:[m[K [01;36m[Knote: [m[Kin expansion of macro ‘[01m[KROSCONSOLE_PRINT_AT_LOCATION[m[K’
  390 |       [01;36m[KROSCONSOLE_PRINT_AT_LOCATION[m[K(__VA_ARGS__); \
      |       [01;36m[K^~~~~~~~~~~~~~~~~~~~~~~~~~~~[m[K
[01m[K/opt/ros/noetic/include/ros/console.h:575:35:[m[K [01;36m[Knote: [m[Kin expansion of macro ‘[01m[KROS_LOG_COND[m[K’
  575 | #define ROS_LOG(level, name, ...) [01;36m[KROS_LOG_COND[m[K(true, level, name, __VA_ARGS__)
      |                                   [01;36m[K^~~~~~~~~~~~[m[K
[01m[K/opt/ros/noetic/include/rosconsole/macros_generated.h:110:23:[m[K [01;36m[Knote: [m[Kin expansion of macro ‘[01m[KROS_LOG[m[K’
  110 | #define ROS_INFO(...) [01;36m[KROS_LOG[m[K(::ros::console::levels::Info, ROSCONSOLE_DEFAULT_NAME, __VA_ARGS__)
      |                       [01;36m[K^~~~~~~[m[K
[01m[K/home/lcy/ros_tutorial/exe_04/src/ros_apis/src/03_apis_time.cpp:36:5:[m[K [01;36m[Knote: [m[Kin expansion of macro ‘[01m[KROS_INFO[m[K’
   36 |     [01;36m[KROS_INFO[m[K("pause end",end.toSec());
      |     [01;36m[K^~~~~~~~[m[K
[01m[K/home/lcy/ros_tutorial/exe_04/src/ros_apis/src/03_apis_time.cpp:37:37:[m[K [01;31m[Kerror: [m[Kinvalid use of member function ‘[01m[Kdouble ros::TimeBase<T, D>::toSec() const [with T = ros::Time; D = ros::Duration][m[K’ (did you forget the ‘[01m[K()[m[K’ ?)
   37 |     double diff = end.toSec()-[01;31m[Kstart.toSec[m[K;
      |                               [01;31m[K~~~~~~^~~~~[m[K
      |                                          [32m[K()[m[K
make[2]: *** [CMakeFiles/03_apis_time.dir/build.make:63：CMakeFiles/03_apis_time.dir/src/03_apis_time.cpp.o] 错误 1
make[1]: *** [CMakeFiles/Makefile2:213：CMakeFiles/03_apis_time.dir/all] 错误 2
make: *** [Makefile:141：all] 错误 2
